<?xml version="1.0" encoding="UTF-8"?>
<!-- Generated by org.testng.reporters.JUnitReportReporter -->
<testsuite skipped="0" hostname="LapWinX-DAC84" name="DAC.API_Automation.Get_API_Request" tests="1" failures="0" timestamp="25 May 2021 15:29:47 GMT" time="2.871" errors="0">
  <testcase name="GetPresetValues" time="2.871" classname="DAC.API_Automation.Get_API_Request"/>
</testsuite> <!-- DAC.API_Automation.Get_API_Request -->
