<?xml version="1.0" encoding="UTF-8"?>
<!-- Generated by org.testng.reporters.JUnitReportReporter -->
<testsuite skipped="0" hostname="LapWinX-DAC84" name="DAC.API_Automation.LPAD_API_Test" tests="1" failures="0" timestamp="25 May 2021 15:33:09 GMT" time="3.600" errors="0">
  <testcase name="GetPresetValues" time="3.600" classname="DAC.API_Automation.LPAD_API_Test"/>
</testsuite> <!-- DAC.API_Automation.LPAD_API_Test -->
