<?xml version="1.0" encoding="UTF-8"?>
<!-- Generated by org.testng.reporters.JUnitReportReporter -->
<testsuite skipped="0" hostname="LapWinX-DAC84" name="DAC.API_Automation.api_dtc_Report" tests="1" failures="0" timestamp="11 May 2021 12:24:54 GMT" time="4.376" errors="0">
  <testcase name="verifyLocations" time="4.376" classname="DAC.API_Automation.api_dtc_Report"/>
</testsuite> <!-- DAC.API_Automation.api_dtc_Report -->
